<?xml version="1.0" encoding="UTF-8"?>
<testng-results ignored="0" total="1" passed="0" failed="1" skipped="0">
  <reporter-output>
  </reporter-output>
  <suite started-at="2022-08-23T21:08:56 IST" name="Default suite" finished-at="2022-08-23T21:09:19 IST" duration-ms="23420">
    <groups>
    </groups>
    <test started-at="2022-08-23T21:08:56 IST" name="Default test" finished-at="2022-08-23T21:09:19 IST" duration-ms="23420">
      <class name="testSuite.Movie_info_validation_from_IMDB_and_Wiki_websites">
        <test-method is-config="true" signature="initialize_driver()[pri:0, instance:testSuite.Movie_info_validation_from_IMDB_and_Wiki_websites@49964d75]" started-at="2022-08-23T21:08:56 IST" name="initialize_driver" finished-at="2022-08-23T21:08:58 IST" duration-ms="2423" status="PASS">
          <reporter-output>
          </reporter-output>
        </test-method> <!-- initialize_driver -->
        <test-method signature="IMDB_and_Wiki_Page_Navigation()[pri:0, instance:testSuite.Movie_info_validation_from_IMDB_and_Wiki_websites@49964d75]" started-at="2022-08-23T21:08:58 IST" name="IMDB_and_Wiki_Page_Navigation" finished-at="2022-08-23T21:09:19 IST" duration-ms="20692" status="FAIL">
          <exception class="java.lang.AssertionError">
            <message>
              <![CDATA[expected [true] but found [false]]]>
            </message>
            <full-stacktrace>
              <![CDATA[java.lang.AssertionError: expected [true] but found [false]
at org.testng.Assert.fail(Assert.java:99)
at org.testng.Assert.failNotEquals(Assert.java:1037)
at org.testng.Assert.assertTrue(Assert.java:45)
at org.testng.Assert.assertTrue(Assert.java:55)
at testSuite.Movie_info_validation_from_IMDB_and_Wiki_websites.IMDB_and_Wiki_Page_Navigation(Movie_info_validation_from_IMDB_and_Wiki_websites.java:99)
at java.base/jdk.internal.reflect.DirectMethodHandleAccessor.invoke(DirectMethodHandleAccessor.java:104)
at java.base/java.lang.reflect.Method.invoke(Method.java:577)
at org.testng.internal.MethodInvocationHelper.invokeMethod(MethodInvocationHelper.java:133)
at org.testng.internal.TestInvoker.invokeMethod(TestInvoker.java:598)
at org.testng.internal.TestInvoker.invokeTestMethod(TestInvoker.java:173)
at org.testng.internal.MethodRunner.runInSequence(MethodRunner.java:46)
at org.testng.internal.TestInvoker$MethodInvocationAgent.invoke(TestInvoker.java:824)
at org.testng.internal.TestInvoker.invokeTestMethods(TestInvoker.java:146)
at org.testng.internal.TestMethodWorker.invokeTestMethods(TestMethodWorker.java:146)
at org.testng.internal.TestMethodWorker.run(TestMethodWorker.java:128)
at java.base/java.util.ArrayList.forEach(ArrayList.java:1511)
at org.testng.TestRunner.privateRun(TestRunner.java:794)
at org.testng.TestRunner.run(TestRunner.java:596)
at org.testng.SuiteRunner.runTest(SuiteRunner.java:377)
at org.testng.SuiteRunner.runSequentially(SuiteRunner.java:371)
at org.testng.SuiteRunner.privateRun(SuiteRunner.java:332)
at org.testng.SuiteRunner.run(SuiteRunner.java:276)
at org.testng.SuiteRunnerWorker.runSuite(SuiteRunnerWorker.java:53)
at org.testng.SuiteRunnerWorker.run(SuiteRunnerWorker.java:96)
at org.testng.TestNG.runSuitesSequentially(TestNG.java:1212)
at org.testng.TestNG.runSuitesLocally(TestNG.java:1134)
at org.testng.TestNG.runSuites(TestNG.java:1063)
at org.testng.TestNG.run(TestNG.java:1031)
at org.testng.remote.AbstractRemoteTestNG.run(AbstractRemoteTestNG.java:115)
at org.testng.remote.RemoteTestNG.initAndRun(RemoteTestNG.java:251)
at org.testng.remote.RemoteTestNG.main(RemoteTestNG.java:77)
]]>
            </full-stacktrace>
          </exception> <!-- java.lang.AssertionError -->
          <reporter-output>
          </reporter-output>
        </test-method> <!-- IMDB_and_Wiki_Page_Navigation -->
        <test-method is-config="true" signature="teardown()[pri:0, instance:testSuite.Movie_info_validation_from_IMDB_and_Wiki_websites@49964d75]" started-at="2022-08-23T21:09:19 IST" name="teardown" finished-at="2022-08-23T21:09:19 IST" duration-ms="258" status="PASS">
          <reporter-output>
          </reporter-output>
        </test-method> <!-- teardown -->
      </class> <!-- testSuite.Movie_info_validation_from_IMDB_and_Wiki_websites -->
    </test> <!-- Default test -->
  </suite> <!-- Default suite -->
</testng-results>
